2022-06-30 16:52:41 INFO  WebDriverManager:1197 - Using chromedriver 103.0.5060.53 (resolved driver for Chrome 103)
2022-06-30 16:52:41 INFO  WebDriverManager:1252 - Exporting webdriver.chrome.driver as C:\Users\ASUS\.cache\selenium\chromedriver\win32\103.0.5060.53\chromedriver.exe
2022-06-30 16:52:43 INFO  Utils:112 - [TestNG] Running:
  C:\Users\ASUS\AppData\Local\JetBrains\IdeaIC2022.1\temp-testng-customsuite.xml

2022-06-30 16:55:46 INFO  WebDriverManager:1197 - Using chromedriver 103.0.5060.53 (resolved driver for Chrome 103)
2022-06-30 16:55:46 INFO  WebDriverManager:1252 - Exporting webdriver.chrome.driver as C:\Users\ASUS\.cache\selenium\chromedriver\win32\103.0.5060.53\chromedriver.exe
2022-06-30 16:55:48 INFO  Utils:112 - [TestNG] Running:
  C:\Users\ASUS\AppData\Local\JetBrains\IdeaIC2022.1\temp-testng-customsuite.xml

2022-06-30 16:56:04 WARN  WebSocketHandler:142 - onError
java.net.SocketException: Connection reset
	at java.base/sun.nio.ch.SocketChannelImpl.throwConnectionReset(SocketChannelImpl.java:394)
	at java.base/sun.nio.ch.SocketChannelImpl.read(SocketChannelImpl.java:426)
	at io.netty.buffer.PooledByteBuf.setBytes(PooledByteBuf.java:258)
	at io.netty.buffer.AbstractByteBuf.writeBytes(AbstractByteBuf.java:1132)
	at io.netty.channel.socket.nio.NioSocketChannel.doReadBytes(NioSocketChannel.java:357)
	at io.netty.channel.nio.AbstractNioByteChannel$NioByteUnsafe.read(AbstractNioByteChannel.java:151)
	at io.netty.channel.nio.NioEventLoop.processSelectedKey(NioEventLoop.java:722)
	at io.netty.channel.nio.NioEventLoop.processSelectedKeysOptimized(NioEventLoop.java:658)
	at io.netty.channel.nio.NioEventLoop.processSelectedKeys(NioEventLoop.java:584)
	at io.netty.channel.nio.NioEventLoop.run(NioEventLoop.java:496)
	at io.netty.util.concurrent.SingleThreadEventExecutor$4.run(SingleThreadEventExecutor.java:995)
	at io.netty.util.internal.ThreadExecutorMap$2.run(ThreadExecutorMap.java:74)
	at io.netty.util.concurrent.FastThreadLocalRunnable.run(FastThreadLocalRunnable.java:30)
	at java.base/java.lang.Thread.run(Thread.java:833)
2022-06-30 16:56:04 ERROR runtime:60 - Error executing FreeMarker template
FreeMarker template error:
Template inclusion failed (for parameter value "partials/exceptıon.ftl"):
Template not found for name "spark/partials/exceptıon.ftl".
The name was interpreted by this TemplateLoader: ClassTemplateLoader(resourceLoaderClass=com.aventstack.extentreports.ExtentReports, basePackagePath="templates/" /* relatively to resourceLoaderClass pkg */).

----
FTL stack trace ("~" means nesting-related):
	- Failed at: #include "partials/${view.toString()}...  [in template "spark/spark.spa.ftl" at line 27, column 36]
----

Java stack trace (for programmers):
----
freemarker.core._MiscTemplateException: [... Exception message was already printed; see it above ...]
	at freemarker.core.Include.accept(Include.java:164)
	at freemarker.core.Environment.visit(Environment.java:370)
	at freemarker.core.IteratorBlock$IterationContext.executedNestedContentForCollOrSeqListing(IteratorBlock.java:321)
	at freemarker.core.IteratorBlock$IterationContext.executeNestedContent(IteratorBlock.java:271)
	at freemarker.core.IteratorBlock$IterationContext.accept(IteratorBlock.java:244)
	at freemarker.core.Environment.visitIteratorBlock(Environment.java:644)
	at freemarker.core.IteratorBlock.acceptWithResult(IteratorBlock.java:108)
	at freemarker.core.IteratorBlock.accept(IteratorBlock.java:94)
	at freemarker.core.Environment.visit(Environment.java:334)
	at freemarker.core.Environment.visit(Environment.java:340)
	at freemarker.core.Environment.process(Environment.java:313)
	at freemarker.template.Template.process(Template.java:383)
	at com.aventstack.extentreports.templating.FreemarkerTemplate.processTemplate(FreemarkerTemplate.java:52)
	at com.aventstack.extentreports.templating.FreemarkerTemplate.getSource(FreemarkerTemplate.java:39)
	at com.aventstack.extentreports.templating.FreemarkerTemplate.writeTemplate(FreemarkerTemplate.java:45)
	at com.aventstack.extentreports.reporter.AbstractFileReporter.processTemplate(AbstractFileReporter.java:74)
	at com.aventstack.extentreports.reporter.ExtentSparkReporter.flush(ExtentSparkReporter.java:149)
	at com.aventstack.extentreports.reporter.ExtentSparkReporter.access$100(ExtentSparkReporter.java:27)
	at com.aventstack.extentreports.reporter.ExtentSparkReporter$1.onNext(ExtentSparkReporter.java:121)
	at com.aventstack.extentreports.reporter.ExtentSparkReporter$1.onNext(ExtentSparkReporter.java:113)
	at io.reactivex.rxjava3.subjects.PublishSubject$PublishDisposable.onNext(PublishSubject.java:310)
	at io.reactivex.rxjava3.subjects.PublishSubject.onNext(PublishSubject.java:226)
	at com.aventstack.extentreports.ReactiveSubject.onFlush(ReactiveSubject.java:83)
	at com.aventstack.extentreports.AbstractProcessor.onFlush(AbstractProcessor.java:85)
	at com.aventstack.extentreports.ExtentReports.flush(ExtentReports.java:279)
	at utilities.TestBaseRapor.tearDownTest(TestBaseRapor.java:55)
	at java.base/jdk.internal.reflect.DirectMethodHandleAccessor.invoke(DirectMethodHandleAccessor.java:104)
	at java.base/java.lang.reflect.Method.invoke(Method.java:577)
	at org.testng.internal.invokers.MethodInvocationHelper.invokeMethod(MethodInvocationHelper.java:139)
	at org.testng.internal.invokers.MethodInvocationHelper.invokeMethodConsideringTimeout(MethodInvocationHelper.java:69)
	at org.testng.internal.invokers.ConfigInvoker.invokeConfigurationMethod(ConfigInvoker.java:361)
	at org.testng.internal.invokers.ConfigInvoker.invokeConfigurations(ConfigInvoker.java:296)
	at org.testng.TestRunner.invokeTestConfigurations(TestRunner.java:643)
	at org.testng.TestRunner.afterRun(TestRunner.java:891)
	at org.testng.TestRunner.run(TestRunner.java:604)
	at org.testng.SuiteRunner.runTest(SuiteRunner.java:433)
	at org.testng.SuiteRunner.runSequentially(SuiteRunner.java:427)
	at org.testng.SuiteRunner.privateRun(SuiteRunner.java:387)
	at org.testng.SuiteRunner.run(SuiteRunner.java:330)
	at org.testng.SuiteRunnerWorker.runSuite(SuiteRunnerWorker.java:52)
	at org.testng.SuiteRunnerWorker.run(SuiteRunnerWorker.java:95)
	at org.testng.TestNG.runSuitesSequentially(TestNG.java:1256)
	at org.testng.TestNG.runSuitesLocally(TestNG.java:1176)
	at org.testng.TestNG.runSuites(TestNG.java:1099)
	at org.testng.TestNG.run(TestNG.java:1067)
	at com.intellij.rt.testng.IDEARemoteTestNG.run(IDEARemoteTestNG.java:66)
	at com.intellij.rt.testng.RemoteTestNGStarter.main(RemoteTestNGStarter.java:109)
Caused by: freemarker.template.TemplateNotFoundException: Template not found for name "spark/partials/exceptıon.ftl".
The name was interpreted by this TemplateLoader: ClassTemplateLoader(resourceLoaderClass=com.aventstack.extentreports.ExtentReports, basePackagePath="templates/" /* relatively to resourceLoaderClass pkg */).
	at freemarker.template.Configuration.getTemplate(Configuration.java:2869)
	at freemarker.core.Environment.getTemplateForInclusion(Environment.java:2883)
	at freemarker.core.Include.accept(Include.java:162)
	... 46 more
